<?xml version="1.0" encoding="UTF-8"?>
<!-- Generated by org.testng.reporters.JUnitReportReporter -->
<testsuite skipped="0" hostname="DESKTOP-P7KCEMN" name="testcases.Test_login" tests="1" failures="0" timestamp="01 May 2021 08:43:11 GMT" time="0.404" errors="0">
  <testcase name="loginscenario" time="0.404" classname="testcases.Test_login"/>
</testsuite> <!-- testcases.Test_login -->
