<?xml version="1.0" encoding="UTF-8"?>
<!-- Generated by org.testng.reporters.JUnitReportReporter -->
<testsuite skipped="0" hostname="DESKTOP-P7KCEMN" name="testcases.Logincase" tests="1" failures="0" timestamp="31 May 2021 11:31:14 GMT" time="7.079" errors="0">
  <testcase name="login_case" time="7.079" classname="testcases.Logincase"/>
</testsuite> <!-- testcases.Logincase -->
