<?xml version="1.0" encoding="UTF-8"?>
<!-- Generated by org.testng.reporters.JUnitReportReporter -->
<testsuite skipped="0" hostname="DESKTOP-P7KCEMN" name="testcases.Add_customer" tests="2" failures="0" timestamp="31 May 2021 16:23:13 GMT" time="25.814" errors="0">
  <testcase name="login_case" time="2.716" classname="testcases.Add_customer"/>
  <testcase name="add_new_customers" time="23.098" classname="testcases.Add_customer"/>
</testsuite> <!-- testcases.Add_customer -->
